2024-05-03 12:37:55,059	INFO	module:_logger
This is BioCypher v0.5.17.
2024-05-03 12:37:55,060	INFO	module:_logger
Logging into `biocypher-log/biocypher-20240503-123755.log`.
2024-05-03 12:37:55,061	DEBUG	module:_core
Loading module biocypher._core.
2024-05-03 12:37:55,063	DEBUG	module:_write
Loading module biocypher._write.
2024-05-03 12:37:55,065	DEBUG	module:_create
Loading module biocypher._create.
2024-05-03 12:37:55,075	DEBUG	module:_connect
Loading module biocypher._connect.
2024-05-03 12:37:55,652	DEBUG	module:_misc
Loading module biocypher._misc.
2024-05-03 12:37:55,904	DEBUG	module:_ontology
Loading module biocypher._ontology.
2024-05-03 12:37:56,056	DEBUG	module:_mapping
Loading module biocypher._mapping.
2024-05-03 12:37:56,058	DEBUG	module:_translate
Loading module biocypher._translate.
2024-05-03 12:37:56,059	DEBUG	module:_deduplicate
Loading module biocypher._deduplicate.
