2024-05-02 11:03:29,106	INFO	module:_logger
This is BioCypher v0.5.41.
2024-05-02 11:03:29,106	INFO	module:_logger
Logging into `biocypher-log/biocypher-20240502-110329.log`.
2024-05-02 11:03:29,106	DEBUG	module:_get
Loading module biocypher._get.
2024-05-02 11:03:29,122	DEBUG	module:_misc
Loading module biocypher._misc.
2024-05-02 11:03:29,509	DEBUG	module:_core
Loading module biocypher._core.
2024-05-02 11:03:29,513	DEBUG	module:_create
Loading module biocypher._create.
2024-05-02 11:03:29,518	DEBUG	module:_translate
Loading module biocypher._translate.
2024-05-02 11:03:29,519	DEBUG	module:_ontology
Loading module biocypher._ontology.
2024-05-02 11:03:29,615	DEBUG	module:_mapping
Loading module biocypher._mapping.
2024-05-02 11:03:29,616	DEBUG	module:_deduplicate
Loading module biocypher._deduplicate.
2024-05-02 11:03:29,619	DEBUG	module:_write
Loading module biocypher.write._write.
2024-05-02 11:03:29,620	DEBUG	module:_connect
Loading module biocypher._connect.
