2024-05-02 13:49:41,365	INFO	module:_logger
This is BioCypher v0.5.41.
2024-05-02 13:49:41,365	INFO	module:_logger
Logging into `biocypher-log/biocypher-20240502-134941.log`.
2024-05-02 13:49:41,365	DEBUG	module:_get
Loading module biocypher._get.
2024-05-02 13:49:41,374	DEBUG	module:_misc
Loading module biocypher._misc.
2024-05-02 13:49:41,727	DEBUG	module:_core
Loading module biocypher._core.
2024-05-02 13:49:41,729	DEBUG	module:_create
Loading module biocypher._create.
2024-05-02 13:49:41,734	DEBUG	module:_translate
Loading module biocypher._translate.
2024-05-02 13:49:41,735	DEBUG	module:_ontology
Loading module biocypher._ontology.
2024-05-02 13:49:41,828	DEBUG	module:_mapping
Loading module biocypher._mapping.
2024-05-02 13:49:41,829	DEBUG	module:_deduplicate
Loading module biocypher._deduplicate.
2024-05-02 13:49:41,831	DEBUG	module:_write
Loading module biocypher.write._write.
2024-05-02 13:49:41,832	DEBUG	module:_connect
Loading module biocypher._connect.
