2024-05-02 13:54:59,767	INFO	module:_logger
This is BioCypher v0.5.41.
2024-05-02 13:54:59,767	INFO	module:_logger
Logging into `biocypher-log/biocypher-20240502-135459.log`.
2024-05-02 13:54:59,767	DEBUG	module:_get
Loading module biocypher._get.
2024-05-02 13:54:59,773	DEBUG	module:_misc
Loading module biocypher._misc.
2024-05-02 13:55:00,082	DEBUG	module:_core
Loading module biocypher._core.
2024-05-02 13:55:00,085	DEBUG	module:_create
Loading module biocypher._create.
2024-05-02 13:55:00,090	DEBUG	module:_translate
Loading module biocypher._translate.
2024-05-02 13:55:00,091	DEBUG	module:_ontology
Loading module biocypher._ontology.
2024-05-02 13:55:00,187	DEBUG	module:_mapping
Loading module biocypher._mapping.
2024-05-02 13:55:00,188	DEBUG	module:_deduplicate
Loading module biocypher._deduplicate.
2024-05-02 13:55:00,190	DEBUG	module:_write
Loading module biocypher.write._write.
2024-05-02 13:55:00,191	DEBUG	module:_connect
Loading module biocypher._connect.
