[2024-05-02 12:26:13] Welcome!
[2024-05-02 12:26:13] Logger started, logging into `/home/guest/Github/Internship_VIB_2024_GitteDecat/Biocypher_Irefindex/BIOGRID/pypath_log/pypath-kut4y.log`.
[2024-05-02 12:26:13] Session `kut4y` started.
[2024-05-02 12:26:13] Config has been read from the following files:
[2024-05-02 12:26:13]   - /home/guest/.local/lib/python3.11/site-packages/pypath_common/data/settings.yaml
[2024-05-02 12:26:13] [pypath] 
	- session ID: `kut4y`
	- working directory: `/home/guest/Github/Internship_VIB_2024_GitteDecat/Biocypher_Irefindex/BIOGRID`
	- logfile: `/home/guest/Github/Internship_VIB_2024_GitteDecat/Biocypher_Irefindex/BIOGRID/pypath_log/pypath-kut4y.log`
	- config: 
		- /home/guest/.local/lib/python3.11/site-packages/pypath_common/data/settings.yaml
	- pypath version: 0.16.10
	- imported from: `/home/guest/.local/lib/python3.11/site-packages/pypath`
	- Python version: 3.11.8 (main, Feb 28 2024, 00:00:00) [GCC 13.2.1 20231011 (Red Hat 13.2.1-4)]
	- Platform: Linux-6.8.7-100.fc38.x86_64-x86_64-with-glibc2.37
[2024-05-02 12:26:13] [pypath] pypath
[2024-05-02 12:26:13] [curl] Creating Curl object to retrieve data from `https://downloads.thebiogrid.org/Download/BioGRID/Latest-Release/BIOGRID-MV-Physical-LATEST.tab2.zip`
[2024-05-02 12:26:13] [curl] Cache file path: `/home/guest/.cache/pypath/cbfb8f7d5eb6cbf6731a99f2b8fdc00d-BIOGRID-MV-Physical-LATEST.tab2.zip`
[2024-05-02 12:26:13] [curl] Setting up and calling pycurl.
[2024-05-02 12:26:40] [curl] Opening file `/home/guest/.cache/pypath/cbfb8f7d5eb6cbf6731a99f2b8fdc00d-BIOGRID-MV-Physical-LATEST.tab2.zip`
[2024-05-02 12:26:40] [curl] Extracting data from file type `zip`
[2024-05-02 12:26:40] [curl] Opening zip file `/home/guest/.cache/pypath/cbfb8f7d5eb6cbf6731a99f2b8fdc00d-BIOGRID-MV-Physical-LATEST.tab2.zip`.
[2024-05-02 12:26:40] [curl] File at `https://downloads.thebiogrid.org/Download/BioGRID/Latest-Release/BIOGRID-MV-Physical-LATEST.tab2.zip` successfully retrieved. Resulted file type `zip extracted data, dict of file
                      objects`. Local file at `/home/guest/.cache/pypath/cbfb8f7d5eb6cbf6731a99f2b8fdc00d-BIOGRID-MV-Physical-LATEST.tab2.zip`.
[2024-05-02 12:26:43] [curl] Creating Curl object to retrieve data from `https://downloads.thebiogrid.org/Download/BioGRID/Latest-Release/BIOGRID-MV-Physical-LATEST.tab2.zip`
[2024-05-02 12:26:43] [curl] Cache file path: `/home/guest/.cache/pypath/cbfb8f7d5eb6cbf6731a99f2b8fdc00d-BIOGRID-MV-Physical-LATEST.tab2.zip`
[2024-05-02 12:26:43] [curl] Cache file found, no need for download.
[2024-05-02 12:26:43] [curl] Loading data from cache previously downloaded from `downloads.thebiogrid.org`
[2024-05-02 12:26:43] [curl] Opening file `/home/guest/.cache/pypath/cbfb8f7d5eb6cbf6731a99f2b8fdc00d-BIOGRID-MV-Physical-LATEST.tab2.zip`
[2024-05-02 12:26:43] [curl] Extracting data from file type `zip`
[2024-05-02 12:26:43] [curl] Opening zip file `/home/guest/.cache/pypath/cbfb8f7d5eb6cbf6731a99f2b8fdc00d-BIOGRID-MV-Physical-LATEST.tab2.zip`.
[2024-05-02 12:26:43] [curl] File at `https://downloads.thebiogrid.org/Download/BioGRID/Latest-Release/BIOGRID-MV-Physical-LATEST.tab2.zip` successfully retrieved. Resulted file type `zip extracted data, dict of file
                      objects`. Local file at `/home/guest/.cache/pypath/cbfb8f7d5eb6cbf6731a99f2b8fdc00d-BIOGRID-MV-Physical-LATEST.tab2.zip`.
[2024-05-02 12:26:45] [curl] Creating Curl object to retrieve data from `https://downloads.thebiogrid.org/Download/BioGRID/Latest-Release/BIOGRID-ALL-LATEST.tab2.zip`
[2024-05-02 12:26:45] [curl] Cache file path: `/home/guest/.cache/pypath/58ee08b04f681f16ee56c6e9c93a31b1-BIOGRID-ALL-LATEST.tab2.zip`
[2024-05-02 12:26:45] [curl] Setting up and calling pycurl.
[2024-05-02 12:28:53] [curl] CURL DEBUG INFO: ERROR
[2024-05-02 12:28:53] [curl] PycURL error: (42, 'Callback aborted')
