[2024-05-02 13:48:38] Welcome!
[2024-05-02 13:48:38] Logger started, logging into `/home/guest/Github/Internship_VIB_2024_GitteDecat/Biocypher_Irefindex/IRefIndex/pypath_log/pypath-sgqbp.log`.
[2024-05-02 13:48:38] Session `sgqbp` started.
[2024-05-02 13:48:38] Config has been read from the following files:
[2024-05-02 13:48:38]   - /home/guest/.local/lib/python3.11/site-packages/pypath_common/data/settings.yaml
[2024-05-02 13:48:38] [pypath] 
	- session ID: `sgqbp`
	- working directory: `/home/guest/Github/Internship_VIB_2024_GitteDecat/Biocypher_Irefindex/IRefIndex`
	- logfile: `/home/guest/Github/Internship_VIB_2024_GitteDecat/Biocypher_Irefindex/IRefIndex/pypath_log/pypath-sgqbp.log`
	- config: 
		- /home/guest/.local/lib/python3.11/site-packages/pypath_common/data/settings.yaml
	- pypath version: 0.16.10
	- imported from: `/home/guest/.local/lib/python3.11/site-packages/pypath`
	- Python version: 3.11.8 (main, Feb 28 2024, 00:00:00) [GCC 13.2.1 20231011 (Red Hat 13.2.1-4)]
	- Platform: Linux-6.8.7-100.fc38.x86_64-x86_64-with-glibc2.37
[2024-05-02 13:48:39] [pypath] pypath
[2024-05-02 13:48:39] [curl] Creating Curl object to retrieve data from `https://www.ebi.ac.uk/unichem/legacy/ucquery/listSources`
[2024-05-02 13:48:39] [curl] Cache file path: `/home/guest/.cache/pypath/ec334dad78a2cd7ed88f6069c63aa672-listSources`
[2024-05-02 13:48:39] [curl] Cache file found, no need for download.
[2024-05-02 13:48:39] [curl] Loading data from cache previously downloaded from `www.ebi.ac.uk`
[2024-05-02 13:48:39] [curl] Opening file `/home/guest/.cache/pypath/ec334dad78a2cd7ed88f6069c63aa672-listSources`
[2024-05-02 13:48:39] [curl] Extracting data from file type `plain`
[2024-05-02 13:48:39] [curl] Opening plain text file `/home/guest/.cache/pypath/ec334dad78a2cd7ed88f6069c63aa672-listSources`.
[2024-05-02 13:48:39] [curl] Contents of `/home/guest/.cache/pypath/ec334dad78a2cd7ed88f6069c63aa672-listSources` has been read and the file has been closed.
[2024-05-02 13:48:39] [curl] File at `https://www.ebi.ac.uk/unichem/legacy/ucquery/listSources` successfully retrieved. Resulted file type `plain text, unicode string`. Local file at
                      `/home/guest/.cache/pypath/ec334dad78a2cd7ed88f6069c63aa672-listSources`.
[2024-05-02 13:48:41] [curl] Creating Curl object to retrieve data from `https://www.ensembl.org/info/about/species.html`
[2024-05-02 13:48:41] [curl] Cache file path: `/home/guest/.cache/pypath/535b06d53a59e75bb693369bc5fdc556-species.html`
[2024-05-02 13:48:41] [curl] Cache file found, no need for download.
[2024-05-02 13:48:41] [curl] Opening plain text file `/home/guest/.cache/pypath/535b06d53a59e75bb693369bc5fdc556-species.html`.
[2024-05-02 13:48:41] [curl] Contents of `/home/guest/.cache/pypath/535b06d53a59e75bb693369bc5fdc556-species.html` has been read and the file has been closed.
[2024-05-02 13:48:41] [curl] Creating Curl object to retrieve data from `https://www.ensembl.org/info/about/species.html`
[2024-05-02 13:48:41] [curl] Cache file path: `/home/guest/.cache/pypath/535b06d53a59e75bb693369bc5fdc556-species.html`
[2024-05-02 13:48:41] [curl] Cache file found, no need for download.
[2024-05-02 13:48:41] [curl] Opening plain text file `/home/guest/.cache/pypath/535b06d53a59e75bb693369bc5fdc556-species.html`.
[2024-05-02 13:48:41] [curl] Contents of `/home/guest/.cache/pypath/535b06d53a59e75bb693369bc5fdc556-species.html` has been read and the file has been closed.
[2024-05-02 13:48:42] [curl] Creating Curl object to retrieve data from `https://www.ensembl.org/info/about/species.html`
[2024-05-02 13:48:42] [curl] Cache file path: `/home/guest/.cache/pypath/535b06d53a59e75bb693369bc5fdc556-species.html`
[2024-05-02 13:48:42] [curl] Cache file found, no need for download.
[2024-05-02 13:48:42] [curl] Opening plain text file `/home/guest/.cache/pypath/535b06d53a59e75bb693369bc5fdc556-species.html`.
[2024-05-02 13:48:42] [curl] Contents of `/home/guest/.cache/pypath/535b06d53a59e75bb693369bc5fdc556-species.html` has been read and the file has been closed.
[2024-05-02 13:48:43] [pypath] pypath
[2024-05-02 13:48:43] [curl] Creating Curl object to retrieve data from `https://www.ebi.ac.uk/unichem/legacy/ucquery/listSources`
[2024-05-02 13:48:43] [curl] Cache file path: `/home/guest/.cache/pypath/ec334dad78a2cd7ed88f6069c63aa672-listSources`
[2024-05-02 13:48:43] [curl] Cache file found, no need for download.
[2024-05-02 13:48:43] [curl] Loading data from cache previously downloaded from `www.ebi.ac.uk`
[2024-05-02 13:48:43] [curl] Opening file `/home/guest/.cache/pypath/ec334dad78a2cd7ed88f6069c63aa672-listSources`
[2024-05-02 13:48:43] [curl] Extracting data from file type `plain`
[2024-05-02 13:48:43] [curl] Opening plain text file `/home/guest/.cache/pypath/ec334dad78a2cd7ed88f6069c63aa672-listSources`.
[2024-05-02 13:48:43] [curl] Contents of `/home/guest/.cache/pypath/ec334dad78a2cd7ed88f6069c63aa672-listSources` has been read and the file has been closed.
[2024-05-02 13:48:43] [curl] File at `https://www.ebi.ac.uk/unichem/legacy/ucquery/listSources` successfully retrieved. Resulted file type `plain text, unicode string`. Local file at
                      `/home/guest/.cache/pypath/ec334dad78a2cd7ed88f6069c63aa672-listSources`.
[2024-05-02 13:48:43] [curl] Creating Curl object to retrieve data from `https://rampdb.nih.gov/api/id-types`
[2024-05-02 13:48:43] [curl] Cache file path: `/home/guest/.cache/pypath/c058901753f61743bf55db935731cff1-id-types`
[2024-05-02 13:48:43] [curl] Cache file found, no need for download.
[2024-05-02 13:48:43] [curl] Opening plain text file `/home/guest/.cache/pypath/c058901753f61743bf55db935731cff1-id-types`.
[2024-05-02 13:48:43] [curl] Contents of `/home/guest/.cache/pypath/c058901753f61743bf55db935731cff1-id-types` has been read and the file has been closed.
[2024-05-02 13:48:44] [network_resources] Could not find data model for resource `Negatome` in set `negative`.
[2024-05-02 13:48:44] [network_resources] Could not find data model for resource `ORegAnno` in set `transcription_deprecated`.
[2024-05-02 13:48:47] [curl] Creating Curl object to retrieve data from `https://storage.googleapis.com/irefindex-data/archive/release_20.0/psi_mitab/MITAB2.6/7227.mitab.08-28-2023.txt.zip`
[2024-05-02 13:48:47] [curl] Cache file path: `/home/guest/.cache/pypath/3b052ae09d3ebdb3189f7ee2905dbe3b-7227.mitab.08-28-2023.txt.zip`
[2024-05-02 13:48:47] [curl] Cache file found, no need for download.
[2024-05-02 13:48:47] [curl] Loading data from cache previously downloaded from `storage.googleapis.com`
[2024-05-02 13:48:47] [curl] Opening file `/home/guest/.cache/pypath/3b052ae09d3ebdb3189f7ee2905dbe3b-7227.mitab.08-28-2023.txt.zip`
[2024-05-02 13:48:47] [curl] Extracting data from file type `zip`
[2024-05-02 13:48:47] [curl] Opening zip file `/home/guest/.cache/pypath/3b052ae09d3ebdb3189f7ee2905dbe3b-7227.mitab.08-28-2023.txt.zip`.
[2024-05-02 13:48:47] [curl] File at `https://storage.googleapis.com/irefindex-data/archive/release_20.0/psi_mitab/MITAB2.6/7227.mitab.08-28-2023.txt.zip` successfully retrieved. Resulted file type `zip extracted data,
                      dict of file objects`. Local file at `/home/guest/.cache/pypath/3b052ae09d3ebdb3189f7ee2905dbe3b-7227.mitab.08-28-2023.txt.zip`.
